
 Ansys Mechanical Enterprise Academic Student      


 *------------------------------------------------------------------*
 |                                                                  |
 |   W E L C O M E   T O   T H E   A N S Y S (R)  P R O G R A M     |
 |                                                                  |
 *------------------------------------------------------------------*




 ***************************************************************
 *         ANSYS MAPDL 2025 R1          LEGAL NOTICES          *
 ***************************************************************
 *                                                             *
 * Copyright 1971-2025 Ansys, Inc.  All rights reserved.       *
 * Unauthorized use, distribution or duplication is            *
 * prohibited.                                                 *
 *                                                             *
 * Ansys is a registered trademark of Ansys, Inc. or its       *
 * subsidiaries in the United States or other countries.       *
 * See the Ansys, Inc. online documentation or the Ansys, Inc. *
 * documentation CD or online help for the complete Legal      *
 * Notice.                                                     *
 *                                                             *
 ***************************************************************
 *                                                             *
 * THIS ANSYS SOFTWARE PRODUCT AND PROGRAM DOCUMENTATION       *
 * INCLUDE TRADE SECRETS AND CONFIDENTIAL AND PROPRIETARY      *
 * PRODUCTS OF ANSYS, INC., ITS SUBSIDIARIES, OR LICENSORS.    *
 * The software products and documentation are furnished by    *
 * Ansys, Inc. or its subsidiaries under a software license    *
 * agreement that contains provisions concerning               *
 * non-disclosure, copying, length and nature of use,          *
 * compliance with exporting laws, warranties, disclaimers,    *
 * limitations of liability, and remedies, and other           *
 * provisions.  The software products and documentation may be *
 * used, disclosed, transferred, or copied only in accordance  *
 * with the terms and conditions of that software license      *
 * agreement.                                                  *
 *                                                             *
 * Ansys, Inc. is a UL registered                              *
 * ISO 9001:2015 company.                                      *
 *                                                             *
 ***************************************************************
 *                                                             *
 * This product is subject to U.S. laws governing export and   *
 * re-export.                                                  *
 *                                                             *
 * For U.S. Government users, except as specifically granted   *
 * by the Ansys, Inc. software license agreement, the use,     *
 * duplication, or disclosure by the United States Government  *
 * is subject to restrictions stated in the Ansys, Inc.        *
 * software license agreement and FAR 12.212 (for non-DOD      *
 * licenses).                                                  *
 *                                                             *
 ***************************************************************

 2025 R1 
     
 Point Releases and Patches installed:   
     
 Ansys Service Pack 2025 R1.6550664  
 Discovery (full install) 2025 R1.6550664
 Core WB Files 2025 R1.6550664   
 Ansys Dynamic Reporting 2025 R1.6550664 
 CFX (includes CFD-Post) 2025 R1.6550664 
 Chemkin 2025 R1.6550664 
 EnSight 2025 R1.6550664 
 FENSAP-ICE 2025 R1.6550664  
 Fluent (includes CFD-Post) 2025 R1.6550664  
 Polyflow (includes CFD-Post) 2025 R1.6550664
 Forte (includes EnSight) 2025 R1.6550664
 Rocky 2025 R1.6550664   
 TurboGrid 2025 R1.6550664   
 ACIS Geometry Interface 2025 R1.6550664 
 AutoCAD Geometry Interface 2025 R1.6550664  
 Catia, Version 4 Geometry Interface 2025 R1.6550664 
 Catia, Version 5 Geometry Interface 2025 R1.6550664 
 Catia, Version 6 Geometry Interface 2025 R1.6550664 
 Creo Elements/Direct Modeling Geometry Interface 2025 R1.6550664
 Creo Parametric Geometry Interface 2025 R1.6550664  
 Inventor Geometry Interface 2025 R1.6550664 
 JTOpen Geometry Interface 2025 R1.6550664   
 NX Geometry Interface 2025 R1.6550664   
 Parasolid Geometry Interface  2025 R1.6550664   
 Solid Edge Geometry Interface 2025 R1.6550664   
 SOLIDWORKS Geometry Interface 2025 R1.6550664   
 Speos 2025 R1.6550664   
 SpaceClaim 2025 R1.6550664  
 Speos RPC 2025 R1.6550664   
 Aqwa 2025 R1.6550664
 Autodyn 2025 R1.6550664 
 Material Calibration App 2025 R1.6550664
 Mechanical Products 2025 R1.6550664 
 Motion 2025 R1.6550664  
 Academic Student 2025 R1.6550664


          *****  MAPDL COMMAND LINE ARGUMENTS  *****
  BATCH MODE REQUESTED (-b)    = NOLIST
  INPUT FILE COPY MODE (-c)    = COPY
  DISTRIBUTED MEMORY PARALLEL REQUESTED
       4 PARALLEL PROCESSES REQUESTED WITH SINGLE THREAD PER PROCESS
    TOTAL OF     4 CORES REQUESTED
  INPUT FILE NAME              = C:\Users\neinh\AppData\Local\Temp\WB_neinh_14896_2\_ProjectScratch\Scr91F5\dummy.dat
  OUTPUT FILE NAME             = C:\Users\neinh\AppData\Local\Temp\WB_neinh_14896_2\_ProjectScratch\Scr91F5\solve.out
  START-UP FILE MODE           = NOREAD
  STOP FILE MODE               = NOREAD

 RELEASE= 2025 R1              BUILD= 25.1      UP20241202   VERSION=WINDOWS x64 
 CURRENT JOBNAME=file0  11:46:31  MAY 09, 2025 CP=      0.156


 PARAMETER _DS_PROGRESS =     999.0000000    

 /INPUT FILE= ds.dat  LINE=       0



 *** NOTE ***                            CP =       0.453   TIME= 11:46:31
 The /CONFIG,NOELDB command is not valid in a distributed memory         
 parallel solution.  Command is ignored.                                 

 *GET  _WALLSTRT  FROM  ACTI  ITEM=TIME WALL  VALUE=  11.7752778    

 TITLE= 
 wbnew--Static Structural (A5)                                                 

  ACT Extensions:
      LSDYNA, 2025.1
      5f463412-bd3e-484b-87e7-cbc0a665e474, wbex
 /COM,     ANSYSMotion, 2025.1
      20180725-3f81-49eb-9f31-41364844c769, wbex
  

 SET PARAMETER DIMENSIONS ON  _WB_PROJECTSCRATCH_DIR
  TYPE=STRI  DIMENSIONS=      248        1        1

 PARAMETER _WB_PROJECTSCRATCH_DIR(1) = C:\Users\neinh\AppData\Local\Temp\WB_neinh_14896_2\_ProjectScratch\Scr91F5\

 SET PARAMETER DIMENSIONS ON  _WB_SOLVERFILES_DIR
  TYPE=STRI  DIMENSIONS=      248        1        1

 PARAMETER _WB_SOLVERFILES_DIR(1) = C:\Users\neinh\AppData\Local\Temp\WB_neinh_14896_2\wbnew_files\dp0\SYS\MECH\

 SET PARAMETER DIMENSIONS ON  _WB_USERFILES_DIR
  TYPE=STRI  DIMENSIONS=      248        1        1

 PARAMETER _WB_USERFILES_DIR(1) = C:\Users\neinh\AppData\Local\Temp\WB_neinh_14896_2\wbnew_files\user_files\
 --- Data in consistent MKS units. See Solving Units in the help system for more

 MKS UNITS SPECIFIED FOR INTERNAL    
  LENGTH        (l)  = METER (M)
  MASS          (M)  = KILOGRAM (KG)
  TIME          (t)  = SECOND (SEC)
  TEMPERATURE   (T)  = CELSIUS (C)
  TOFFSET            = 273.0
  CHARGE        (Q)  = COULOMB
  FORCE         (f)  = NEWTON (N) (KG-M/SEC2)
  HEAT               = JOULE (N-M)

  PRESSURE           = PASCAL (NEWTON/M**2)
  ENERGY        (W)  = JOULE (N-M)
  POWER         (P)  = WATT (N-M/SEC)
  CURRENT       (i)  = AMPERE (COULOMBS/SEC)
  CAPACITANCE   (C)  = FARAD
  INDUCTANCE    (L)  = HENRY
  MAGNETIC FLUX      = WEBER
  RESISTANCE    (R)  = OHM
  ELECTRIC POTENTIAL = VOLT

 INPUT  UNITS ARE ALSO SET TO MKS 

 *** MAPDL - ENGINEERING ANALYSIS SYSTEM  RELEASE 2025 R1          25.1     ***
 Ansys Mechanical Enterprise Academic Student      
 01055371  VERSION=WINDOWS x64   11:46:31  MAY 09, 2025 CP=      0.500

 wbnew--Static Structural (A5)                                                 



          ***** MAPDL ANALYSIS DEFINITION (PREP7) *****
 *********** Nodes for the whole assembly ***********
 *********** Elements for Body 1 'SYS\Surface' ***********
 *********** Send User Defined Coordinate System(s) ***********
 *********** Set Reference Temperature ***********
 *********** Send Materials ***********
 *********** Send Sheet Properties ***********
 ******* Constant Zero Displacement X *******
 ******* Constant Zero Displacement Y *******
 *********** Define Pressure Using Surface Effect Elements "Pressure" **********


 ***** ROUTINE COMPLETED *****  CP =         0.750


 --- Number of total nodes = 28782
 --- Number of contact elements = 60
 --- Number of spring elements = 0
 --- Number of bearing elements = 0
 --- Number of solid elements = 9493
 --- Number of condensed parts = 0
 --- Number of total elements = 9553

 *GET  _WALLBSOL  FROM  ACTI  ITEM=TIME WALL  VALUE=  11.7752778    
 ****************************************************************************
 *************************    SOLUTION       ********************************
 ****************************************************************************

 *****  MAPDL SOLUTION ROUTINE  *****


 PERFORM A STATIC ANALYSIS
  THIS WILL BE A NEW ANALYSIS

 PARAMETER _THICKRATIO =     0.000000000    

 USE SPARSE MATRIX DIRECT SOLVER

 CONTACT INFORMATION PRINTOUT LEVEL       1

 CHECK INITIAL OPEN/CLOSED STATUS OF SELECTED CONTACT ELEMENTS
      AND LIST DETAILED CONTACT PAIR INFORMATION

 SPLIT CONTACT SURFACES AT SOLVE PHASE

    NUMBER OF SPLITTING TBD BY PROGRAM

 DO NOT COMBINE ELEMENT MATRIX FILES (.emat) AFTER DISTRIBUTED PARALLEL SOLUTION

 DO NOT COMBINE ELEMENT SAVE DATA FILES (.esav) AFTER DISTRIBUTED PARALLEL SOLUTION

 NLDIAG: Nonlinear diagnostics CONT option is set to ON. 
         Writing frequency : each ITERATION.

 DO NOT SAVE ANY RESTART FILES AT ALL
 ****************************************************
 ******************* SOLVE FOR LS 1 OF 1 ****************

 SELECT       FOR ITEM=TYPE COMPONENT=    
  IN RANGE         2 TO          2 STEP          1

         60  ELEMENTS (OF       9553  DEFINED) SELECTED BY  ESEL  COMMAND.

 SELECT      ALL NODES HAVING ANY ELEMENT IN ELEMENT SET.

        121 NODES (OF      28782  DEFINED) SELECTED FROM
       60 SELECTED ELEMENTS BY NSLE COMMAND.

 GENERATE SURFACE LOAD PRES ON SURFACE DEFINED BY ALL SELECTED NODES
 VALUES= -1000000.00      0.00000000    

 NUMBER OF PRES ELEMENT FACE LOADS STORED =         60

 ALL SELECT   FOR ITEM=NODE COMPONENT=    
  IN RANGE         1 TO      28782 STEP          1

      28782  NODES (OF      28782  DEFINED) SELECTED BY NSEL  COMMAND.

 ALL SELECT   FOR ITEM=ELEM COMPONENT=    
  IN RANGE         1 TO       9553 STEP          1

       9553  ELEMENTS (OF       9553  DEFINED) SELECTED BY  ESEL  COMMAND.

 ALL SELECT   FOR ITEM=ELEM COMPONENT=    
  IN RANGE         1 TO       9553 STEP          1

       9553  ELEMENTS (OF       9553  DEFINED) SELECTED BY  ESEL  COMMAND.

 PRINTOUT RESUMED BY /GOP

 USE       1 SUBSTEPS INITIALLY THIS LOAD STEP FOR ALL  DEGREES OF FREEDOM
 FOR AUTOMATIC TIME STEPPING:
   USE      1 SUBSTEPS AS A MAXIMUM
   USE      1 SUBSTEPS AS A MINIMUM

 TIME=  1.0000    

 ERASE THE CURRENT DATABASE OUTPUT CONTROL TABLE.


 WRITE ALL  ITEMS TO THE DATABASE WITH A FREQUENCY OF NONE
   FOR ALL APPLICABLE ENTITIES

 WRITE NSOL ITEMS TO THE DATABASE WITH A FREQUENCY OF ALL 
   FOR ALL APPLICABLE ENTITIES

 WRITE RSOL ITEMS TO THE DATABASE WITH A FREQUENCY OF ALL 
   FOR ALL APPLICABLE ENTITIES

 WRITE EANG ITEMS TO THE DATABASE WITH A FREQUENCY OF ALL 
   FOR ALL APPLICABLE ENTITIES

 WRITE ETMP ITEMS TO THE DATABASE WITH A FREQUENCY OF ALL 
   FOR ALL APPLICABLE ENTITIES

 WRITE VENG ITEMS TO THE DATABASE WITH A FREQUENCY OF ALL 
   FOR ALL APPLICABLE ENTITIES

 WRITE STRS ITEMS TO THE DATABASE WITH A FREQUENCY OF ALL 
   FOR ALL APPLICABLE ENTITIES

 WRITE EPEL ITEMS TO THE DATABASE WITH A FREQUENCY OF ALL 
   FOR ALL APPLICABLE ENTITIES

 WRITE EPPL ITEMS TO THE DATABASE WITH A FREQUENCY OF ALL 
   FOR ALL APPLICABLE ENTITIES

 WRITE CONT ITEMS TO THE DATABASE WITH A FREQUENCY OF ALL 
   FOR ALL APPLICABLE ENTITIES

 *GET  ANSINTER_  FROM  ACTI  ITEM=INT        VALUE=  0.00000000    

 *IF  ANSINTER_  ( =   0.00000     )  NE  
      0  ( =   0.00000     )  THEN    

 *ENDIF

 *** NOTE ***                            CP =       0.969   TIME= 11:46:31
 The automatic domain decomposition logic has selected the MESH domain   
 decomposition method with 4 processes per solution.                     

 *****  MAPDL SOLVE    COMMAND  *****

 *** WARNING ***                         CP =       1.016   TIME= 11:46:31
 Element shape checking is currently inactive.  Issue SHPP,ON or         
 SHPP,WARN to reactivate, if desired.                                    

 *** NOTE ***                            CP =       1.016   TIME= 11:46:31
 The model data was checked and warning messages were found.             
  Please review output or errors file (                                  
 C:\Users\neinh\AppData\Local\Temp\WB_neinh_14896_2\_ProjectScratch\Scr9 
 91F5\file0.err ) for these warning messages.                            

 *** SELECTION OF ELEMENT TECHNOLOGIES FOR APPLICABLE ELEMENTS ***
      --- GIVE SUGGESTIONS AND RESET THE KEY OPTIONS ---

 ELEMENT TYPE         1 IS PLANE183 WITH PLANE STRESS OPTION. NO SUGGESTION IS
 AVAILABLE AND NO RESETTING IS NEEDED.



 *** MAPDL - ENGINEERING ANALYSIS SYSTEM  RELEASE 2025 R1          25.1     ***
 Ansys Mechanical Enterprise Academic Student      
 01055371  VERSION=WINDOWS x64   11:46:31  MAY 09, 2025 CP=      1.016

 wbnew--Static Structural (A5)                                                 



                       S O L U T I O N   O P T I O N S

   PROBLEM DIMENSIONALITY. . . . . . . . . . . . .2-D                  
   DEGREES OF FREEDOM. . . . . . UX   UY  
   ANALYSIS TYPE . . . . . . . . . . . . . . . . .STATIC (STEADY-STATE)
   OFFSET TEMPERATURE FROM ABSOLUTE ZERO . . . . .  273.15    
   EQUATION SOLVER OPTION. . . . . . . . . . . . .SPARSE             
   GLOBALLY ASSEMBLED MATRIX . . . . . . . . . . .SYMMETRIC  

 *** WARNING ***                         CP =       1.031   TIME= 11:46:31
 Material number 2 (used by element 9494) should normally have at least  
 one MP or one TB type command associated with it.  Output of energy by  
 material may not be available.                                          

 *** NOTE ***                            CP =       1.094   TIME= 11:46:31
 The step data was checked and warning messages were found.              
  Please review output or errors file (                                  
 C:\Users\neinh\AppData\Local\Temp\WB_neinh_14896_2\_ProjectScratch\Scr9 
 91F5\file0.err ) for these warning messages.                            

 *** NOTE ***                            CP =       1.094   TIME= 11:46:31
 The conditions for direct assembly have been met.  No .emat or .erot    
 files will be produced.                                                 

  
  
     D I S T R I B U T E D   D O M A I N   D E C O M P O S E R
  
  ...Number of elements: 9553
  ...Number of nodes:    28782
  ...Decompose to 4 CPU domains
  ...Element load balance ratio =     1.019


                      L O A D   S T E P   O P T I O N S

   LOAD STEP NUMBER. . . . . . . . . . . . . . . .     1
   TIME AT END OF THE LOAD STEP. . . . . . . . . .  1.0000    
   NUMBER OF SUBSTEPS. . . . . . . . . . . . . . .     1
   STEP CHANGE BOUNDARY CONDITIONS . . . . . . . .    NO
   PRINT OUTPUT CONTROLS . . . . . . . . . . . . .NO PRINTOUT
   DATABASE OUTPUT CONTROLS
      ITEM     FREQUENCY   COMPONENT
       ALL       NONE               
      NSOL        ALL               
      RSOL        ALL               
      EANG        ALL               
      ETMP        ALL               
      VENG        ALL               
      STRS        ALL               
      EPEL        ALL               
      EPPL        ALL               
      CONT        ALL               


 SOLUTION MONITORING INFO IS WRITTEN TO FILE= file.mntr                                                                                                                                                                                                                                                           




            **** CENTER OF MASS, MASS, AND MASS MOMENTS OF INERTIA ****

  CALCULATIONS ASSUME ELEMENT MASS AT ELEMENT CENTROID

  TOTAL MASS =   7307.8    

                           MOM. OF INERTIA         MOM. OF INERTIA
  CENTER OF MASS            ABOUT ORIGIN        ABOUT CENTER OF MASS

  XC =  0.96707          IXX =    1002.          IXX =    193.3    
  YC =  0.33267          IYY =    8705.          IYY =    1871.    
  ZC =   0.0000          IZZ =    9707.          IZZ =    2064.    
                         IXY =   -2243.          IXY =    107.8    
                         IYZ =    0.000          IYZ =    0.000    
                         IZX =    0.000          IZX =    0.000    


  *** MASS SUMMARY BY ELEMENT TYPE ***

  TYPE      MASS
     1   7307.81    

 Range of element maximum matrix coefficients in global coordinates
 Maximum = 6.187057303E+11 at element 2724.                              
 Minimum = 3.309956877E+11 at element 4048.                              

   *** ELEMENT MATRIX FORMULATION TIMES
     TYPE    NUMBER   ENAME      TOTAL CP  AVE CP

        1      9493  PLANE183      0.328   0.000035
        2        60  SURF153       0.000   0.000000
 Time at end of element matrix formulation CP = 1.375.                   

 DISTRIBUTED SPARSE MATRIX DIRECT SOLVER.
  Number of equations =       57303,    Maximum wavefront =     42


  Memory allocated on only this MPI rank (rank     0)
  -------------------------------------------------------------------
  Equation solver memory allocated                     =    28.144 MB
  Equation solver memory required for in-core mode     =    27.052 MB
  Equation solver memory required for out-of-core mode =    15.209 MB
  Total (solver and non-solver) memory allocated       =   467.784 MB


  Total memory summed across all MPI ranks on this machines
  -------------------------------------------------------------------
  Equation solver memory allocated                     =   111.245 MB
  Equation solver memory required for in-core mode     =   106.931 MB
  Equation solver memory required for out-of-core mode =    60.543 MB
  Total (solver and non-solver) memory allocated       =   970.737 MB

 *** NOTE ***                            CP =       1.531   TIME= 11:46:32
 The Distributed Sparse Matrix Solver is currently running in the        
 in-core memory mode.  This memory mode uses the most amount of memory   
 in order to avoid using the hard drive as much as possible, which most  
 often results in the fastest solution time.  This mode is recommended   
 if enough physical memory is present to accommodate all of the solver   
 data.                                                                   
 curEqn=  14186  totEqn=  14186 Job CP sec=      1.625
      Factor Done= 100% Factor Wall sec=      0.069 rate=       3.9 GFlops
 Distributed sparse solver maximum pivot= 1.071859192E+12 at node 15403  
 UY.                                                                     
 Distributed sparse solver minimum pivot= 4.840877749E+10 at node 10545  
 UY.                                                                     
 Distributed sparse solver minimum pivot in absolute value=              
 4.840877749E+10 at node 10545 UY.                                       

   *** ELEMENT RESULT CALCULATION TIMES
     TYPE    NUMBER   ENAME      TOTAL CP  AVE CP

        1      9493  PLANE183      0.391   0.000041
        2        60  SURF153       0.000   0.000000

   *** NODAL LOAD CALCULATION TIMES
     TYPE    NUMBER   ENAME      TOTAL CP  AVE CP

        1      9493  PLANE183      0.078   0.000008
        2        60  SURF153       0.000   0.000000
 *** LOAD STEP     1   SUBSTEP     1  COMPLETED.    CUM ITER =      1
 *** TIME =   1.00000         TIME INC =   1.00000      NEW TRIANG MATRIX


 *** MAPDL BINARY FILE STATISTICS
  BUFFER SIZE USED= 16384
        3.938 MB WRITTEN ON ASSEMBLED MATRIX FILE: file0.full
        1.938 MB WRITTEN ON RESULTS FILE: file0.rst
 *************** Write FE CONNECTORS *********

 WRITE OUT CONSTRAINT EQUATIONS TO FILE= file.ce                                                                                                                                                                                                                                                             
 ****************************************************
 *************** FINISHED SOLVE FOR LS 1 *************

 *GET  _WALLASOL  FROM  ACTI  ITEM=TIME WALL  VALUE=  11.7755556    

 PRINTOUT RESUMED BY /GOP

 FINISH SOLUTION PROCESSING


 ***** ROUTINE COMPLETED *****  CP =         2.219



 *** MAPDL - ENGINEERING ANALYSIS SYSTEM  RELEASE 2025 R1          25.1     ***
 Ansys Mechanical Enterprise Academic Student      
 01055371  VERSION=WINDOWS x64   11:46:32  MAY 09, 2025 CP=      2.219

 wbnew--Static Structural (A5)                                                 



          ***** MAPDL RESULTS INTERPRETATION (POST1) *****

 *** NOTE ***                            CP =       2.219   TIME= 11:46:32
 Reading results into the database (SET command) will update the current 
 displacement and force boundary conditions in the database with the     
 values from the results file for that load set.  Note that any          
 subsequent solutions will use these values unless action is taken to    
 either SAVE the current values or not overwrite them (/EXIT,NOSAVE).    

 Set Encoding of XML File to:ISO-8859-1

 Set Output of XML File to:
     PARM,     ,     ,     ,     ,     ,     ,     ,     ,     ,     ,     ,
         ,     ,     ,     ,     ,     ,     ,

 DATABASE WRITTEN ON FILE  parm.xml                                                                                                                                                                                                                                                            

 EXIT THE MAPDL POST1 DATABASE PROCESSOR


 ***** ROUTINE COMPLETED *****  CP =         2.219



 PRINTOUT RESUMED BY /GOP

 *GET  _WALLDONE  FROM  ACTI  ITEM=TIME WALL  VALUE=  11.7755556    

 PARAMETER _PREPTIME =     0.000000000    

 PARAMETER _SOLVTIME =     1.000000000    

 PARAMETER _POSTTIME =     0.000000000    

 PARAMETER _TOTALTIM =     1.000000000    

 *GET  _DLBRATIO  FROM  ACTI  ITEM=SOLU DLBR  VALUE=  1.01884422    

 *GET  _COMBTIME  FROM  ACTI  ITEM=SOLU COMB  VALUE= 0.626390000E-01

 *GET  _SSMODE   FROM  ACTI  ITEM=SOLU SSMM  VALUE=  2.00000000    

 *GET  _NDOFS    FROM  ACTI  ITEM=SOLU NDOF  VALUE=  57303.0000    

 *GET  _SOL_END_TIME  FROM  ACTI  ITEM=SET  TIME  VALUE=  1.00000000    

 *IF  _sol_end_time  ( =   1.00000     )  EQ  
      1.000000  ( =   1.00000     )  THEN    

 /FCLEAN COMMAND REMOVING ALL LOCAL FILES

 *ENDIF
 --- Total number of nodes = 28782
 --- Total number of elements = 9553
 --- Element load balance ratio = 1.01884422
 --- Time to combine distributed files = 6.2639E-02
 --- Sparse memory mode = 2
 --- Number of DOF = 57303

 EXIT MAPDL WITHOUT SAVING DATABASE


 NUMBER OF WARNING MESSAGES ENCOUNTERED=          2
 NUMBER OF ERROR   MESSAGES ENCOUNTERED=          0

+--------------------- M A P D L   S T A T I S T I C S ------------------------+

Release: 2025 R1            Build: 25.1       Update: UP20241202   Platform: WINDOWS x64 
Date Run: 05/09/2025   Time: 11:46     Process ID: 16768
Operating System: Windows 10  (Build: 19045)

Processor Model: Intel(R) Core(TM) i5-6600K CPU @ 3.50GHz

Compiler: Intel(R) Fortran Compiler Classic Version 2021.9  (Build: 20230302)
          Intel(R) C/C++ Compiler Classic Version 2021.9  (Build: 20230302)
          Intel(R) oneAPI Math Kernel Library Version 2023.1-Product Build 20230303

Number of machines requested            :    1
Total number of cores available         :    4
Number of physical cores available      :    4
Number of processes requested           :    4
Number of threads per process requested :    1
Total number of cores requested         :    4 (Distributed Memory Parallel)               
MPI Type: INTELMPI
MPI Version: Intel(R) MPI Library 2021.13 for Windows* OS


GPU Acceleration: Not Requested

Job Name: file0
Input File: dummy.dat

  Core                Machine Name   Working Directory
 -----------------------------------------------------
     0             DESKTOP-AQDEHJM   C:\Users\neinh\AppData\Local\Temp\WB_neinh_14896_2\_ProjectScratch\Scr91F5
     1             DESKTOP-AQDEHJM   C:\Users\neinh\AppData\Local\Temp\WB_neinh_14896_2\_ProjectScratch\Scr91F5
     2             DESKTOP-AQDEHJM   C:\Users\neinh\AppData\Local\Temp\WB_neinh_14896_2\_ProjectScratch\Scr91F5
     3             DESKTOP-AQDEHJM   C:\Users\neinh\AppData\Local\Temp\WB_neinh_14896_2\_ProjectScratch\Scr91F5
 
Latency time from master to core     1 =    8.317 microseconds
Latency time from master to core     2 =    8.753 microseconds
Latency time from master to core     3 =    8.879 microseconds
 
Communication speed from master to core     1 =  3160.23 MB/sec
Communication speed from master to core     2 =  3209.62 MB/sec
Communication speed from master to core     3 =  3328.16 MB/sec

Total CPU time for main thread                    :        1.7 seconds
Total CPU time summed for all threads             :        2.6 seconds

Elapsed time spent obtaining a license            :        0.5 seconds
Elapsed time spent pre-processing model (/PREP7)  :        0.1 seconds
Elapsed time spent solution - preprocessing       :        0.1 seconds
Elapsed time spent computing solution             :        0.7 seconds
Elapsed time spent solution - postprocessing      :        0.1 seconds
Elapsed time spent post-processing model (/POST1) :        0.0 seconds
 
Equation solver used                              :            Sparse (symmetric)
Equation solver computational rate                :       14.3 Gflops
Equation solver effective I/O rate                :        6.1 GB/sec

Sum of disk space used on all processes           :       34.7 MB

Sum of memory used on all processes               :      264.0 MB
Sum of memory allocated on all processes          :     2880.0 MB
Physical memory available                         :         16 GB
Total amount of I/O written to disk               :        0.0 GB
Total amount of I/O read from disk                :        0.0 GB

+------------------ E N D   M A P D L   S T A T I S T I C S -------------------+


 *-----------------------------------------------------------------------------*
 |                                                                             |
 |                               RUN COMPLETED                                 |
 |                                                                             |
 |-----------------------------------------------------------------------------|
 |                                                                             |
 |  Ansys MAPDL 2025 R1         Build 25.1         UP20241202    WINDOWS x64   |
 |                                                                             |
 |-----------------------------------------------------------------------------|
 |                                                                             |
 |  Database Requested(-db)     1024 MB     Scratch Memory Requested   1024 MB |
 |  Max Database Used(Master)     16 MB     Max Scratch Used(Master)     65 MB |
 |  Max Database Used(Workers)     1 MB     Max Scratch Used(Workers)    60 MB |
 |  Sum Database Used(All)        19 MB     Sum Scratch Used(All)       245 MB |
 |                                                                             |
 |-----------------------------------------------------------------------------|
 |                                                                             |
 |        CP Time      (sec) =          2.641       Time  =  11:46:33          |
 |        Elapsed Time (sec) =          4.000       Date  =  05/09/2025        |
 |                                                                             |
 *-----------------------------------------------------------------------------*
