
 Ansys Mechanical Enterprise Academic Research     


 *------------------------------------------------------------------*
 |                                                                  |
 |   W E L C O M E   T O   T H E   A N S Y S (R)  P R O G R A M     |
 |                                                                  |
 *------------------------------------------------------------------*




 ***************************************************************
 *         ANSYS MAPDL 2024 R1          LEGAL NOTICES          *
 ***************************************************************
 *                                                             *
 * Copyright 1971-2024 Ansys, Inc.  All rights reserved.       *
 * Unauthorized use, distribution or duplication is            *
 * prohibited.                                                 *
 *                                                             *
 * Ansys is a registered trademark of Ansys, Inc. or its       *
 * subsidiaries in the United States or other countries.       *
 * See the Ansys, Inc. online documentation or the Ansys, Inc. *
 * documentation CD or online help for the complete Legal      *
 * Notice.                                                     *
 *                                                             *
 ***************************************************************
 *                                                             *
 * THIS ANSYS SOFTWARE PRODUCT AND PROGRAM DOCUMENTATION       *
 * INCLUDE TRADE SECRETS AND CONFIDENTIAL AND PROPRIETARY      *
 * PRODUCTS OF ANSYS, INC., ITS SUBSIDIARIES, OR LICENSORS.    *
 * The software products and documentation are furnished by    *
 * Ansys, Inc. or its subsidiaries under a software license    *
 * agreement that contains provisions concerning               *
 * non-disclosure, copying, length and nature of use,          *
 * compliance with exporting laws, warranties, disclaimers,    *
 * limitations of liability, and remedies, and other           *
 * provisions.  The software products and documentation may be *
 * used, disclosed, transferred, or copied only in accordance  *
 * with the terms and conditions of that software license      *
 * agreement.                                                  *
 *                                                             *
 * Ansys, Inc. is a UL registered                              *
 * ISO 9001:2015 company.                                      *
 *                                                             *
 ***************************************************************
 *                                                             *
 * This product is subject to U.S. laws governing export and   *
 * re-export.                                                  *
 *                                                             *
 * For U.S. Government users, except as specifically granted   *
 * by the Ansys, Inc. software license agreement, the use,     *
 * duplication, or disclosure by the United States Government  *
 * is subject to restrictions stated in the Ansys, Inc.        *
 * software license agreement and FAR 12.212 (for non-DOD      *
 * licenses).                                                  *
 *                                                             *
 ***************************************************************

 2024 R1 
     
 Point Releases and Patches installed:   
     
 Ansys, Inc. License Manager 2024 R1 
 Viewer 2024 R1  
 Discovery 2024 R1   
 SpaceClaim 2024 R1  
 Icepak (includes CFD-Post) 2024 R1  
 Fluids 2024 R1  
 Ansys Dynamic Reporting 2024 R1 
 CFD-Post only 2024 R1   
 CFX (includes CFD-Post) 2024 R1 
 Chemkin 2024 R1 
 EnSight 2024 R1 
 FENSAP-ICE 2024 R1  
 Fluent (includes CFD-Post) 2024 R1  
 Polyflow (includes CFD-Post) 2024 R1
 Forte (includes EnSight) 2024 R1
 ICEM CFD 2024 R1
 TurboGrid 2024 R1   
 ACIS Geometry Interface 2024 R1 
 AutoCAD Geometry Interface 2024 R1  
 Catia, Version 4 Geometry Interface 2024 R1 
 Catia, Version 5 Geometry Interface 2024 R1 
 Catia, Version 6 Geometry Interface 2024 R1 
 Creo Elements/Direct Modeling Geometry Interface 2024 R1
 Creo Parametric Geometry Interface 2024 R1  
 Inventor Geometry Interface 2024 R1 
 JTOpen Geometry Interface 2024 R1   
 NX Geometry Interface 2024 R1   
 Parasolid Geometry Interface  2024 R1   
 Solid Edge Geometry Interface 2024 R1   
 SOLIDWORKS Geometry Interface 2024 R1   
 Speos 2024 R1   
 Speos HPC 2024 R1   
 optiSLang 2024 R1   
 Remote Solve Manager Standalone Services 2024 R1
 Additive 2024 R1
 Aqwa 2024 R1
 Autodyn 2024 R1 
 Customization Files for User Programmable Features 2024 R1  
 LS-DYNA 2024 R1 
 Material Calibration App 2024 R1
 Mechanical Products 2024 R1 
 Motion 2024 R1  
 Sherlock 2024 R1
 Sound - SAS 2024 R1 


          *****  MAPDL COMMAND LINE ARGUMENTS  *****
  BATCH MODE REQUESTED (-b)    = NOLIST
  INPUT FILE COPY MODE (-c)    = COPY
  DISTRIBUTED MEMORY PARALLEL REQUESTED
       4 PARALLEL PROCESSES REQUESTED WITH SINGLE THREAD PER PROCESS
    TOTAL OF     4 CORES REQUESTED
  INPUT FILE NAME              = C:\Users\toberics\Downloads\Grupparbete-T.D\Håll.F\Projekt 2\ANSYS\_ProjectScratch\ScrE6D5\dummy.dat
  OUTPUT FILE NAME             = C:\Users\toberics\Downloads\Grupparbete-T.D\Håll.F\Projekt 2\ANSYS\_ProjectScratch\ScrE6D5\solve.out
  START-UP FILE MODE           = NOREAD
  STOP FILE MODE               = NOREAD

 RELEASE= 2024 R1              BUILD= 24.1      UP20231106   VERSION=WINDOWS x64 
 CURRENT JOBNAME=file0  14:56:14  APR 23, 2025 CP=      0.047


 PARAMETER _DS_PROGRESS =     999.0000000    

 /INPUT FILE= ds.dat  LINE=       0



 *** NOTE ***                            CP =       0.125   TIME= 14:56:15
 The /CONFIG,NOELDB command is not valid in a distributed memory         
 parallel solution.  Command is ignored.                                 

 *GET  _WALLSTRT  FROM  ACTI  ITEM=TIME WALL  VALUE=  14.9375000    

 ASSIGN FILE RSTP TO file.rst                                                                                                                                                                                                                                                            

 *** NOTE ***                            CP =       0.188   TIME= 14:56:15
 File= file.rst does not exist and will be created.                      

 *****  MAPDL SOLUTION ROUTINE  *****


 PERFORM A STATIC ANALYSIS
  RESTART WILL BE PERFORMED FOR THE ANALYSIS OF LINEAR PERTURBATION
  RESTART WILL BE PERFORMED BASED ON: 
   PREVIOUS LOADSTEP =      1 SUBSTEP =      1

 RESUME ANSYS DATA FROM FILE NAME=file.rdb                                                                                                                                                                                                                                                            
     DO NOT PLOT ANYTHING

 *** MAPDL GLOBAL STATUS *** 

 TITLE = Balk_2--Static Structural (A5)                                        
 ANALYSIS TYPE =  STATIC (STEADY-STATE)
         5 ELEM TYPES DEFINED    MAX ELEM TYPE NUMBER =             5
       285 ELEMENTS DEFINED      MAX ELEMENT NUMBER =             285
       846 NODES DEFINED         MAX NODE NUMBER =                846
         4 MATERIALS DEFINED     MAX MATERIAL NUMBER =              4
         3 REAL CONSTS DEFINED   MAX REAL CONST NUMBER =            7
         4 SECTIONS DEFINED      MAX SECTION NUMBER =               4
         0 COORD SYS DEFINED     MAX COORD SYS NUMBER =             0
 
 ACTIVE COORDINATE SYSTEM             =          0  (CARTESIAN)
 NUMBER OF DEFINED NODAL CONSTRAINTS  =          8
 NUMBER OF DEFINED NODAL LOADS        =          0
 NUMBER OF DEFINED COMPONENTS         =          6
 NUMBER OF DEFINED ELEM SURFACE LOADS =          3
 NUMBER OF DEFINED ELEM BODY LOADS    =          0
 NUMBER OF DEFINED NODE BODY FORCES   =          0
 CURRENT LOAD CASE =      0 OF      0
 LOAD SET   =       1
 SUBSTEP    =       1
 TIME/FREQ  =    1.0000    

 INITIAL JOBNAME = file0
 CURRENT JOBNAME = file0

 RESTART PROCEDURE RE-BUILDS BOUNDARY CONDITIONS
 AND LOADING INFO UPTO THE CURRENT LOADSTEP 

 READ ANSYS LOADS DATA FROM FILE= file.ldhi                                                                                                                                                                                                                                                           

 DELETE SOLID MODEL BOUNDARY CONDITIONS
 
 NUMBER OF NODAL CONSTRAINTS DELETED                       =         8
 NUMBER OF ELEMENT PRESSURES DELETED                       =         3

 TITLE= 
 Balk_2--Eigenvalue Buckling (B5)                                              

  ACT Extensions:
      LSDYNA, 2024.1
      5f463412-bd3e-484b-87e7-cbc0a665e474, wbex
 /COM,     ANSYSMotion, 2024.1
      20180725-3f81-49eb-9f31-41364844c769, wbex
  

 PERTURB: Enabling perturbation analysis with prestressed linear buckling solution.
 PERTURB: Enabling perturbation contact status remains the same as in restart step.
 PERTURB: Enabling perturbation to keep all boundary conditions.

 *****  MAPDL SOLVE    COMMAND  *****

 *** MAPDL - ENGINEERING ANALYSIS SYSTEM  RELEASE 2024 R1          24.1     ***
 Ansys Mechanical Enterprise Academic Research     
 00454535  VERSION=WINDOWS x64   14:56:15  APR 23, 2025 CP=      0.281

 Balk_2--Eigenvalue Buckling (B5)                                              



                       S O L U T I O N   O P T I O N S

   PROBLEM DIMENSIONALITY. . . . . . . . . . . . .3-D                  
   DEGREES OF FREEDOM. . . . . . UX   UY   UZ   ROTX ROTY ROTZ
   ANALYSIS TYPE . . . . . . . . . . . . . . . . .STATIC (STEADY-STATE)
      RESTART. . . . . . . . . . . . . . . . . . .ON
   LINEAR PERTURBATION . . . . . . . . . . . . . .ON
   OFFSET TEMPERATURE FROM ABSOLUTE ZERO . . . . .  273.15    

 *** WARNING ***                         CP =       0.281   TIME= 14:56:15
 Material number 5 (used by element 283) should normally have at least   
 one MP or one TB type command associated with it.  Output of energy by  
 material may not be available.                                          

 *** NOTE ***                            CP =       0.281   TIME= 14:56:15
 The step data was checked and warning messages were found.              
  Please review output or errors file (                                  
 C:\Users\toberics\Downloads\Grupparbete-T.D\Håll.F\Projekt              
 2\ANSYS\_ProjectScratch\ScrE6D5\file0.err ) for these warning           
 messages.                                                               

                      L O A D   S T E P   O P T I O N S

   SOLUTION TO BE PERTURBED CORRESPONDS TO
      TIME . . . . . . . . . . . . . . . . . . . .  1.0000    
      LOAD STEP. . . . . . . . . . . . . . . . . .     1
      SUBSTEP. . . . . . . . . . . . . . . . . . .     1
   STRESS-STIFFENING . . . . . . . . . . . . . . .    ON

 *** NOTE ***                            CP =       0.344   TIME= 14:56:15
 This SOLVE command is only used to generate the matrices needed to      
 perform the linear perturbation analysis.  The linear perturbation      
 analysis corresponds to time = 1 (load step = 1, substep = 1).  No      
 results are being written.                                              

 *** NOTE ***                            CP =       0.344   TIME= 14:56:15
 The prior(base) analysis is LINEAR, use the total load prescribed in    
 the linear perturbation process to calculate the critical               
 eigen-buckling loads.                                                   


 LINEAR PERTURBATION ANALYSIS PROCEDURE KEEPS ALL
 BOUNDARY CONDITIONS IN DATABASE


 USE SYM. BLOCK LANCZOS METHOD TO EXTRACT       4 MODES
  EXTRACT EIGENVALUES CENTERED ABOUT   0.0000    

 ERASE THE CURRENT DATABASE OUTPUT CONTROL TABLE.


 WRITE ALL  ITEMS TO THE DATABASE WITH A FREQUENCY OF NONE
   FOR ALL APPLICABLE ENTITIES

 WRITE NSOL ITEMS TO THE DATABASE WITH A FREQUENCY OF ALL 
   FOR ALL APPLICABLE ENTITIES

 PRINTOUT RESUMED BY /GOP

 WRITE MISC ITEMS TO THE DATABASE WITH A FREQUENCY OF ALL 
   FOR THE ENTITIES DEFINED BY COMPONENT _ELMISC 


 EXPAND ALL EXTRACTED MODES
  CALCULATE ELEMENT RESULTS AND NODAL DOF SOLUTION
  CALCULATE STRESSES IN ANY DOWNSTREAM MODE SUPERPOSITION EXPANSION PASS

 *GET  ANSINTER_  FROM  ACTI  ITEM=INT        VALUE=  0.00000000    

 *IF  ANSINTER_                         ( =   0.00000     )  NE  
      0                                 ( =   0.00000     )  THEN    

 *ENDIF

 *****  MAPDL SOLVE    COMMAND  *****

 *** WARNING ***                         CP =       0.422   TIME= 14:56:15
 Element shape checking is currently inactive.  Issue SHPP,ON or         
 SHPP,WARN to reactivate, if desired.                                    

 *** NOTE ***                            CP =       0.422   TIME= 14:56:15
 The model data was checked and warning messages were found.             
  Please review output or errors file (                                  
 C:\Users\toberics\Downloads\Grupparbete-T.D\Håll.F\Projekt              
 2\ANSYS\_ProjectScratch\ScrE6D5\file0.err ) for these warning           
 messages.                                                               

 *** SELECTION OF ELEMENT TECHNOLOGIES FOR APPLICABLE ELEMENTS ***
      --- GIVE SUGGESTIONS AND RESET THE KEY OPTIONS ---

 ELEMENT TYPE         1 IS BEAM188 . KEYOPT(1)=1 IS SUGGESTED FOR NON-CIRCULAR CROSS
 SECTIONS AND KEYOPT(3) IS ALREADY SET AS SUGGESTED. KEYOPT(1) CAN NOT BE RESET
 HERE. PLEASE RESET IT MANUALLY ACCORDING TO CROSS SECTION TYPES IF NECESSARY.

 ELEMENT TYPE         1 IS BEAM188 . KEYOPT(15) IS ALREADY SET AS SUGGESTED AND NO
 RESETTING IS NEEDED.

 ELEMENT TYPE         2 IS BEAM188 . KEYOPT(1)=1 IS SUGGESTED FOR NON-CIRCULAR CROSS
 SECTIONS AND KEYOPT(3) IS ALREADY SET AS SUGGESTED. KEYOPT(1) CAN NOT BE RESET
 HERE. PLEASE RESET IT MANUALLY ACCORDING TO CROSS SECTION TYPES IF NECESSARY.

 ELEMENT TYPE         2 IS BEAM188 . KEYOPT(15) IS ALREADY SET AS SUGGESTED AND NO
 RESETTING IS NEEDED.

 ELEMENT TYPE         3 IS BEAM188 . KEYOPT(1)=1 IS SUGGESTED FOR NON-CIRCULAR CROSS
 SECTIONS AND KEYOPT(3) IS ALREADY SET AS SUGGESTED. KEYOPT(1) CAN NOT BE RESET
 HERE. PLEASE RESET IT MANUALLY ACCORDING TO CROSS SECTION TYPES IF NECESSARY.

 ELEMENT TYPE         3 IS BEAM188 . KEYOPT(15) IS ALREADY SET AS SUGGESTED AND NO
 RESETTING IS NEEDED.

 ELEMENT TYPE         4 IS BEAM188 . KEYOPT(1)=1 IS SUGGESTED FOR NON-CIRCULAR CROSS
 SECTIONS AND KEYOPT(3) IS ALREADY SET AS SUGGESTED. KEYOPT(1) CAN NOT BE RESET
 HERE. PLEASE RESET IT MANUALLY ACCORDING TO CROSS SECTION TYPES IF NECESSARY.

 ELEMENT TYPE         4 IS BEAM188 . KEYOPT(15) IS ALREADY SET AS SUGGESTED AND NO
 RESETTING IS NEEDED.



 *** MAPDL - ENGINEERING ANALYSIS SYSTEM  RELEASE 2024 R1          24.1     ***
 Ansys Mechanical Enterprise Academic Research     
 00454535  VERSION=WINDOWS x64   14:56:15  APR 23, 2025 CP=      0.422

 Balk_2--Eigenvalue Buckling (B5)                                              



                       S O L U T I O N   O P T I O N S

   PROBLEM DIMENSIONALITY. . . . . . . . . . . . .3-D                  
   DEGREES OF FREEDOM. . . . . . UX   UY   UZ   ROTX ROTY ROTZ
   ANALYSIS TYPE . . . . . . . . . . . . . . . . .BUCKLING             
      EXTRACTION METHOD. . . . . . . . . . . . . .BLOCK LANCZOS
   LINEAR PERTURBATION . . . . . . . . . . . . . .ON
   OFFSET TEMPERATURE FROM ABSOLUTE ZERO . . . . .  273.15    
   PRESTRESS EFFECTS INCLUDED IF AVAILABLE . . . .YES
   GLOBALLY ASSEMBLED MATRIX . . . . . . . . . . .SYMMETRIC  

 *** WARNING ***                         CP =       0.422   TIME= 14:56:15
 Material number 5 (used by element 283) should normally have at least   
 one MP or one TB type command associated with it.  Output of energy by  
 material may not be available.                                          

 *** NOTE ***                            CP =       0.422   TIME= 14:56:15
 The step data was checked and warning messages were found.              
  Please review output or errors file (                                  
 C:\Users\toberics\Downloads\Grupparbete-T.D\Håll.F\Projekt              
 2\ANSYS\_ProjectScratch\ScrE6D5\file0.err ) for these warning           
 messages.                                                               

                      L O A D   S T E P   O P T I O N S

   LOAD STEP NUMBER. . . . . . . . . . . . . . . .     1
   PRINT OUTPUT CONTROLS . . . . . . . . . . . . .NO PRINTOUT
   DATABASE OUTPUT CONTROLS
      ITEM     FREQUENCY   COMPONENT
       ALL       NONE               
      NSOL        ALL               
      MISC        ALL       _ELMISC 



  BLOCK LANCZOS CALCULATION OF UP TO     4 EIGENVECTORS.
  NUMBER OF EQUATIONS              =         3376
  MAXIMUM WAVEFRONT                =           33
  MAXIMUM MODES STORED             =            4
  MINIMUM EIGENVALUE               = -0.10000E+31
  MAXIMUM EIGENVALUE               =  0.10000E+31
  CENTER EIGENVALUE                =  0.00000E+00


  Process memory allocated for solver              =     0.886 MB
  Process memory required for in-core solution     =     0.848 MB
  Process memory required for out-of-core solution =     0.752 MB

  Total memory allocated for solver                =     3.750 MB
  Total memory required for in-core solution       =     3.592 MB
  Total memory required for out-of-core solution   =     3.179 MB

 *** NOTE ***                            CP =       0.609   TIME= 14:56:15
 The Distributed Sparse Matrix Solver is currently running in the        
 in-core memory mode.  This memory mode uses the most amount of memory   
 in order to avoid using the hard drive as much as possible, which most  
 often results in the fastest solution time.  This mode is recommended   
 if enough physical memory is present to accommodate all of the solver   
 data.                                                                   

  Process memory required for in-core LANCZOS Workspace             =     3.676888 MB
  Process memory required for out-of-core LANCZOS Workspace         =     539.757813 KB

  Total   memory required for in-core LANCZOS Workspace             =     14.677277 MB
  Total   memory required for out-of-core LANCZOS Workspace         =     2.107941 MB

  Lanczos Memory Mode : INCORE


  >> Shift # 1 :  |                                  : 4 Eigenvalues Converged


 *** MAPDL - ENGINEERING ANALYSIS SYSTEM  RELEASE 2024 R1          24.1     ***
 Ansys Mechanical Enterprise Academic Research     
 00454535  VERSION=WINDOWS x64   14:56:15  APR 23, 2025 CP=      0.828

 Balk_2--Eigenvalue Buckling (B5)                                              



  ***** EIGENVALUES (LOAD MULTIPLIERS FOR BUCKLING) *****
            *** FROM BLOCK LANCZOS ITERATION ***

      SHAPE NUMBER   LOAD MULTIPLIER

            1            1027.2545    
            2            10199.350    
            3            13444.681    
            4            25351.555    



   *** ELEMENT RESULT CALCULATION TIMES
     TYPE    NUMBER   ENAME      TOTAL CP  AVE CP

        1        50  BEAM188       0.000   0.000000
        2        51  BEAM188       0.000   0.000000
        3        90  BEAM188       0.016   0.000174
        4        91  BEAM188       0.016   0.000172
        5         3  CLOAD201      0.000   0.000000

   *** NODAL LOAD CALCULATION TIMES
     TYPE    NUMBER   ENAME      TOTAL CP  AVE CP

        1        50  BEAM188       0.000   0.000000
        2        51  BEAM188       0.000   0.000000
        3        90  BEAM188       0.000   0.000000
        4        91  BEAM188       0.000   0.000000
        5         3  CLOAD201      0.000   0.000000


 *** MAPDL BINARY FILE STATISTICS
  BUFFER SIZE USED= 16384
        0.188 MB WRITTEN ON ELEMENT MATRIX FILE: file0.emat
        1.938 MB WRITTEN ON ELEMENT SAVED DATA FILE: file0.esav
        0.250 MB WRITTEN ON ASSEMBLED MATRIX FILE: file0.full
        0.062 MB WRITTEN ON MODAL MATRIX FILE: file0.mode
        0.750 MB WRITTEN ON RESULTS FILE: file0.rst
 *************** Write FE CONNECTORS *********

 WRITE OUT CONSTRAINT EQUATIONS TO FILE= file.ce                                                                                                                                                                                                                                                             

 *GET  _NMODALSOLPROC  FROM  ACTI  ITEM=NUMC       VALUE=  4.00000000    

 FINISH SOLUTION PROCESSING


 ***** ROUTINE COMPLETED *****  CP =         0.938



 PRINTOUT RESUMED BY /GOP

 *GET  _WALLASOL  FROM  ACTI  ITEM=TIME WALL  VALUE=  14.9375000    

 *** MAPDL - ENGINEERING ANALYSIS SYSTEM  RELEASE 2024 R1          24.1     ***
 Ansys Mechanical Enterprise Academic Research     
 00454535  VERSION=WINDOWS x64   14:56:15  APR 23, 2025 CP=      0.938

 Balk_2--Eigenvalue Buckling (B5)                                              



          ***** MAPDL RESULTS INTERPRETATION (POST1) *****

 *** NOTE ***                            CP =       0.938   TIME= 14:56:15
 Reading results into the database (SET command) will update the current 
 displacement and force boundary conditions in the database with the     
 values from the results file for that load set.  Note that any          
 subsequent solutions will use these values unless action is taken to    
 either SAVE the current values or not overwrite them (/EXIT,NOSAVE).    

 Set Encoding of XML File to:ISO-8859-1

 Set Output of XML File to:
     PARM,     ,     ,     ,     ,     ,     ,     ,     ,     ,     ,     ,
         ,     ,     ,     ,     ,     ,     ,

 DATABASE WRITTEN ON FILE  parm.xml                                                                                                                                                                                                                                                            

 EXIT THE MAPDL POST1 DATABASE PROCESSOR


 ***** ROUTINE COMPLETED *****  CP =         0.938



 PRINTOUT RESUMED BY /GOP

 *GET  _WALLDONE  FROM  ACTI  ITEM=TIME WALL  VALUE=  14.9375000    

 PARAMETER _PREPTIME =     0.000000000    

 PARAMETER _SOLVTIME =     9.000000000    

 PARAMETER _POSTTIME =     0.000000000    

 PARAMETER _TOTALTIM =     9.000000000    

 *GET  _DLBRATIO  FROM  ACTI  ITEM=SOLU DLBR  VALUE=  1.01408451    

 *GET  _COMBTIME  FROM  ACTI  ITEM=SOLU COMB  VALUE= 0.243285000E-01

 *GET  _SSMODE   FROM  ACTI  ITEM=SOLU SSMM  VALUE=  2.00000000    

 *GET  _NDOFS    FROM  ACTI  ITEM=SOLU NDOF  VALUE=  3376.00000    

 /FCLEAN COMMAND REMOVING ALL LOCAL FILES
 --- Total number of nodes = 564
 --- Total number of elements = 285
 --- Element load balance ratio = 1.01408451
 --- Time to combine distributed files = 2.43285E-02
 --- Sparse memory mode = 2
 --- Number of DOF = 3376

 EXIT MAPDL WITHOUT SAVING DATABASE


 NUMBER OF WARNING MESSAGES ENCOUNTERED=          3
 NUMBER OF ERROR   MESSAGES ENCOUNTERED=          0

+--------------------- M A P D L   S T A T I S T I C S ------------------------+

Release: 2024 R1            Build: 24.1       Update: UP20231106   Platform: WINDOWS x64 
Date Run: 04/23/2025   Time: 14:56     Process ID: 25324
Operating System: Windows 10  (Build: 19045)

Processor Model: 12th Gen Intel(R) Core(TM) i5-12500

Compiler: Intel(R) Fortran Compiler Classic Version 2021.9  (Build: 20230302)
          Intel(R) C/C++ Compiler Classic Version 2021.9  (Build: 20230302)
          Intel(R) Math Kernel Library Version 2020.0.0 Product Build 20191125
          BLAS Library supplied by Intel(R) MKL

Number of machines requested            :    1
Total number of cores available         :   12
Number of physical cores available      :    6
Number of processes requested           :    4
Number of threads per process requested :    1
Total number of cores requested         :    4 (Distributed Memory Parallel)               
MPI Type: INTELMPI
MPI Version: Intel(R) MPI Library 2021.10 for Windows* OS


GPU Acceleration: Not Requested

Job Name: file0
Input File: dummy.dat

  Core                Machine Name   Working Directory
 -----------------------------------------------------
     0                M-REMOTE-007   C:\Users\toberics\Downloads\Grupparbete-T.D\Håll.F\Projekt 2\ANSYS\_ProjectScratch\ScrE6D5
     1                M-REMOTE-007   C:\Users\toberics\Downloads\Grupparbete-T.D\Håll.F\Projekt 2\ANSYS\_ProjectScratch\ScrE6D5
     2                M-REMOTE-007   C:\Users\toberics\Downloads\Grupparbete-T.D\Håll.F\Projekt 2\ANSYS\_ProjectScratch\ScrE6D5
     3                M-REMOTE-007   C:\Users\toberics\Downloads\Grupparbete-T.D\Håll.F\Projekt 2\ANSYS\_ProjectScratch\ScrE6D5
 
Latency time from master to core     1 =    3.072 microseconds
Latency time from master to core     2 =    2.808 microseconds
Latency time from master to core     3 =    2.761 microseconds
 
Communication speed from master to core     1 = 11128.58 MB/sec
Communication speed from master to core     2 = 11731.75 MB/sec
Communication speed from master to core     3 =  9300.27 MB/sec

Total CPU time for main thread                    :        1.2 seconds
Total CPU time summed for all threads             :        1.6 seconds

Elapsed time spent obtaining a license            :        0.3 seconds
Elapsed time spent pre-processing model (/PREP7)  :        0.0 seconds
Elapsed time spent solution - preprocessing       :        0.1 seconds
Elapsed time spent computing solution             :        0.5 seconds
Elapsed time spent solution - postprocessing      :        0.0 seconds
Elapsed time spent post-processing model (/POST1) :        0.0 seconds
 
Eigensolver used                                  :            Block Lanczos

Sum of disk space used on all processes           :       19.3 MB

Sum of memory used on all processes               :      192.0 MB
Sum of memory allocated on all processes          :     2880.0 MB
Physical memory available                         :         32 GB
Total amount of I/O written to disk               :        0.0 GB
Total amount of I/O read from disk                :        0.1 GB

+------------------ E N D   M A P D L   S T A T I S T I C S -------------------+


 *-----------------------------------------------------------------------------*
 |                                                                             |
 |                               RUN COMPLETED                                 |
 |                                                                             |
 |-----------------------------------------------------------------------------|
 |                                                                             |
 |  Ansys MAPDL 2024 R1         Build 24.1         UP20231106    WINDOWS x64   |
 |                                                                             |
 |-----------------------------------------------------------------------------|
 |                                                                             |
 |  Database Requested(-db)     1024 MB     Scratch Memory Requested   1024 MB |
 |  Max Database Used(Master)      1 MB     Max Scratch Used(Master)     47 MB |
 |  Max Database Used(Workers)     1 MB     Max Scratch Used(Workers)    47 MB |
 |  Sum Database Used(All)         4 MB     Sum Scratch Used(All)       188 MB |
 |                                                                             |
 |-----------------------------------------------------------------------------|
 |                                                                             |
 |        CP Time      (sec) =          1.625       Time  =  14:56:16          |
 |        Elapsed Time (sec) =          3.000       Date  =  04/23/2025        |
 |                                                                             |
 *-----------------------------------------------------------------------------*
